<?xml version="1.0" encoding="UTF-8"?>
<testng-results ignored="0" total="1" passed="1" failed="0" skipped="0">
  <reporter-output>
  </reporter-output>
  <suite started-at="2022-05-25T15:49:40 IST" name="Suite" finished-at="2022-05-25T15:50:57 IST" duration-ms="77688">
    <groups>
    </groups>
    <test started-at="2022-05-25T15:49:40 IST" name="Test" finished-at="2022-05-25T15:50:57 IST" duration-ms="77688">
      <class name="VootHome">
        <test-method is-config="true" signature="init(java.lang.String,java.lang.String)[pri:0, instance:VootHome@5e600dd5]" started-at="2022-05-25T15:49:40 IST" name="init" finished-at="2022-05-25T15:49:51 IST" duration-ms="11931" status="PASS">
          <params>
            <param index="0">
              <value>
                <![CDATA[chrome]]>
              </value>
            </param>
            <param index="1">
              <value>
                <![CDATA[http://practice.automationtesting.in/]]>
              </value>
            </param>
          </params>
          <reporter-output>
          </reporter-output>
        </test-method> <!-- init -->
        <test-method signature="homePagevalidation()[pri:0, instance:VootHome@5e600dd5]" started-at="2022-05-25T15:49:52 IST" name="homePagevalidation" finished-at="2022-05-25T15:50:57 IST" duration-ms="65627" status="PASS">
          <reporter-output>
          </reporter-output>
        </test-method> <!-- homePagevalidation -->
        <test-method is-config="true" signature="quit()[pri:0, instance:VootHome@5e600dd5]" started-at="2022-05-25T15:50:57 IST" name="quit" finished-at="2022-05-25T15:50:57 IST" duration-ms="4" status="PASS">
          <reporter-output>
          </reporter-output>
        </test-method> <!-- quit -->
      </class> <!-- VootHome -->
    </test> <!-- Test -->
  </suite> <!-- Suite -->
</testng-results>
