<?xml version="1.0" encoding="UTF-8"?>
<testng-results ignored="0" total="1" passed="1" failed="0" skipped="0">
  <reporter-output>
  </reporter-output>
  <suite started-at="2022-05-30T10:11:57 IST" name="Suite" finished-at="2022-05-30T10:13:35 IST" duration-ms="98070">
    <groups>
    </groups>
    <test started-at="2022-05-30T10:11:57 IST" name="Test" finished-at="2022-05-30T10:13:35 IST" duration-ms="98070">
      <class name="VootHome">
        <test-method is-config="true" signature="init(java.lang.String,java.lang.String)[pri:0, instance:VootHome@51c668e3]" started-at="2022-05-30T10:11:57 IST" name="init" finished-at="2022-05-30T10:12:52 IST" duration-ms="54952" status="PASS">
          <params>
            <param index="0">
              <value>
                <![CDATA[chrome]]>
              </value>
            </param>
            <param index="1">
              <value>
                <![CDATA[https://www.anz.com.au/personal/home-loans/calculators-tools/much-borrow/ ]]>
              </value>
            </param>
          </params>
          <reporter-output>
          </reporter-output>
        </test-method> <!-- init -->
        <test-method signature="homePagevalidation()[pri:0, instance:VootHome@51c668e3]" started-at="2022-05-30T10:12:52 IST" name="homePagevalidation" finished-at="2022-05-30T10:13:34 IST" duration-ms="42421" status="PASS">
          <reporter-output>
          </reporter-output>
        </test-method> <!-- homePagevalidation -->
        <test-method is-config="true" signature="quit()[pri:0, instance:VootHome@51c668e3]" started-at="2022-05-30T10:13:35 IST" name="quit" finished-at="2022-05-30T10:13:35 IST" duration-ms="634" status="PASS">
          <reporter-output>
          </reporter-output>
        </test-method> <!-- quit -->
      </class> <!-- VootHome -->
    </test> <!-- Test -->
  </suite> <!-- Suite -->
</testng-results>
